<?xml version="1.0" encoding="UTF-8"?>
<!-- Generated by org.testng.reporters.JUnitReportReporter -->
<testsuite hostname="BBf331b120" name="com.test.tesntngexample.DataProviderExample" tests="1" failures="1" timestamp="2 Jul 2018 10:03:54 GMT" time="6.914" errors="0">
  <testcase name="fillDataFormTest" time="6.914" classname="com.test.tesntngexample.DataProviderExample">
    <failure type="java.lang.ClassCastException" message="com.test.tesntngexample.UserDataObject cannot be cast to [Ljava.lang.Object;">
      <![CDATA[java.lang.ClassCastException: com.test.tesntngexample.UserDataObject cannot be cast to [Ljava.lang.Object;
	at org.testng.internal.Invoker.invokeTestMethods(Invoker.java:1225)
	at org.testng.internal.TestMethodWorker.invokeTestMethods(TestMethodWorker.java:127)
	at org.testng.internal.TestMethodWorker.run(TestMethodWorker.java:111)
	at org.testng.TestRunner.privateRun(TestRunner.java:767)
	at org.testng.TestRunner.run(TestRunner.java:617)
	at org.testng.SuiteRunner.runTest(SuiteRunner.java:334)
	at org.testng.SuiteRunner.runSequentially(SuiteRunner.java:329)
	at org.testng.SuiteRunner.privateRun(SuiteRunner.java:291)
	at org.testng.SuiteRunner.run(SuiteRunner.java:240)
	at org.testng.SuiteRunnerWorker.runSuite(SuiteRunnerWorker.java:52)
	at org.testng.SuiteRunnerWorker.run(SuiteRunnerWorker.java:86)
	at org.testng.TestNG.runSuitesSequentially(TestNG.java:1198)
	at org.testng.TestNG.runSuitesLocally(TestNG.java:1123)
	at org.testng.TestNG.run(TestNG.java:1031)
	at org.testng.remote.AbstractRemoteTestNG.run(AbstractRemoteTestNG.java:132)
	at org.testng.remote.RemoteTestNG.initAndRun(RemoteTestNG.java:230)
	at org.testng.remote.RemoteTestNG.main(RemoteTestNG.java:76)
]]>
    </failure>
  </testcase> <!-- fillDataFormTest -->
</testsuite> <!-- com.test.tesntngexample.DataProviderExample -->
