<?xml version="1.0" encoding="UTF-8"?>
<!-- Generated by org.testng.reporters.JUnitReportReporter -->
<testsuite hostname="BBf331b120" name="com.test.tesntngexample.NewTest" tests="1" failures="0" timestamp="10 Jul 2017 07:18:10 GMT" time="16.485" errors="0">
  <testcase name="f" time="16.485" classname="com.test.tesntngexample.NewTest"/>
</testsuite> <!-- com.test.tesntngexample.NewTest -->
