<?xml version="1.0" encoding="UTF-8"?>
<!-- Generated by org.testng.reporters.JUnitReportReporter -->
<testsuite hostname="BBf331b120" name="com.test.tesntngexample.WebElementTest" tests="1" failures="0" timestamp="21 Jun 2018 13:28:40 GMT" time="33.438" errors="0">
  <testcase name="enterData" time="33.438" classname="com.test.tesntngexample.WebElementTest"/>
</testsuite> <!-- com.test.tesntngexample.WebElementTest -->
