<?xml version="1.0" encoding="UTF-8"?>
<!-- Generated by org.testng.reporters.JUnitReportReporter -->
<testsuite hostname="BBf331b120" name="com.test.tesntngexample.FileUploadTest" tests="1" failures="0" timestamp="19 Nov 2018 11:21:06 GMT" time="55.403" errors="0">
  <testcase name="actionDemo" time="55.403" classname="com.test.tesntngexample.FileUploadTest"/>
</testsuite> <!-- com.test.tesntngexample.FileUploadTest -->
